16/08/2022 00:25:27  info: Connected to the Database.
16/08/2022 00:25:27  info: Server is up at Port 5000
16/08/2022 00:29:43  info: Connected to the Database.
16/08/2022 00:29:43  info: Server is up at Port 5000
16/08/2022 01:13:54  info: Connected to the Database.
16/08/2022 01:13:54  info: Server is up at Port 5000
16/08/2022 01:13:59  info: Connected to the Database.
16/08/2022 01:13:59  info: Server is up at Port 5000
16/08/2022 01:15:38  info: Connected to the Database.
16/08/2022 01:15:38  info: Server is up at Port 5000
16/08/2022 01:18:28  info: Connected to the Database.
16/08/2022 01:18:28  info: Server is up at Port 5000
16/08/2022 01:24:18  error: this.category.initCategory is not a function
16/08/2022 01:25:30  info: Connected to the Database.
16/08/2022 01:25:30  info: Server is up at Port 5000
16/08/2022 01:25:35  error: this.category.initCategory is not a function
16/08/2022 01:26:44  info: Connected to the Database.
16/08/2022 01:26:44  info: Server is up at Port 5000
16/08/2022 01:26:49  error: this.category.initCategory is not a function
16/08/2022 01:27:12  info: Connected to the Database.
16/08/2022 01:27:12  info: Server is up at Port 5000
16/08/2022 01:27:24  info: Connected to the Database.
16/08/2022 01:27:24  info: Server is up at Port 5000
16/08/2022 01:28:16  info: Connected to the Database.
16/08/2022 01:28:16  info: Server is up at Port 5000
16/08/2022 01:29:07  info: Connected to the Database.
16/08/2022 01:29:07  info: Server is up at Port 5000
16/08/2022 01:29:52  info: Connected to the Database.
16/08/2022 01:29:52  info: Server is up at Port 5000
16/08/2022 01:30:01  info: Connected to the Database.
16/08/2022 01:30:01  info: Server is up at Port 5000
16/08/2022 01:30:03  info: Connected to the Database.
16/08/2022 01:30:03  info: Server is up at Port 5000
16/08/2022 01:30:11  info: Connected to the Database.
16/08/2022 01:30:11  info: Server is up at Port 5000
16/08/2022 01:30:27  info: Connected to the Database.
16/08/2022 01:30:27  info: Server is up at Port 5000
16/08/2022 01:32:02  info: Connected to the Database.
16/08/2022 01:32:02  info: Server is up at Port 5000
16/08/2022 01:33:07  info: Connected to the Database.
16/08/2022 01:33:07  info: Server is up at Port 5000
16/08/2022 01:33:34  info: Connected to the Database.
16/08/2022 01:33:34  info: Server is up at Port 5000
16/08/2022 01:33:54  info: Connected to the Database.
16/08/2022 01:33:54  info: Server is up at Port 5000
16/08/2022 01:34:09  info: Connected to the Database.
16/08/2022 01:34:09  info: Server is up at Port 5000
16/08/2022 01:34:11  info: Connected to the Database.
16/08/2022 01:34:11  info: Server is up at Port 5000
16/08/2022 01:35:14  info: Connected to the Database.
16/08/2022 01:35:14  info: Server is up at Port 5000
16/08/2022 01:36:19  info: Connected to the Database.
16/08/2022 01:36:19  info: Server is up at Port 5000
16/08/2022 01:37:06  error: this.handler.isNodeCompleteHandler is not a function
16/08/2022 01:38:28  info: Connected to the Database.
16/08/2022 01:38:28  info: Server is up at Port 5000
16/08/2022 01:38:31  error: this.handler.isNodeCompleteHandler is not a function
16/08/2022 01:39:33  info: Connected to the Database.
16/08/2022 01:39:33  info: Server is up at Port 5000
16/08/2022 01:39:35  info: Connected to the Database.
16/08/2022 01:39:36  info: Server is up at Port 5000
16/08/2022 01:39:43  error: this.handler.isNodeCompleteHandler is not a function
16/08/2022 01:40:31  info: Connected to the Database.
16/08/2022 01:40:31  info: Server is up at Port 5000
16/08/2022 01:40:40  error: Cannot read properties of undefined (reading 'subject')
16/08/2022 01:41:10  info: Connected to the Database.
16/08/2022 01:41:10  info: Server is up at Port 5000
16/08/2022 01:42:07  info: Connected to the Database.
16/08/2022 01:42:07  info: Server is up at Port 5000
16/08/2022 01:42:11  info: Connected to the Database.
16/08/2022 01:42:11  info: Server is up at Port 5000
16/08/2022 01:42:33  info: Connected to the Database.
16/08/2022 01:42:34  info: Server is up at Port 5000
16/08/2022 01:45:05  info: Connected to the Database.
16/08/2022 01:45:05  info: Server is up at Port 5000
16/08/2022 01:46:55  info: Connected to the Database.
16/08/2022 01:46:55  info: Server is up at Port 5000
16/08/2022 01:46:57  info: Connected to the Database.
16/08/2022 01:46:57  info: Server is up at Port 5000
16/08/2022 01:48:08  info: Connected to the Database.
16/08/2022 01:48:08  info: Server is up at Port 5000
16/08/2022 01:53:00  info: Connected to the Database.
16/08/2022 01:53:00  info: Server is up at Port 5000
16/08/2022 01:53:47  info: Connected to the Database.
16/08/2022 01:53:47  info: Server is up at Port 5000
16/08/2022 02:57:13  info: Connected to the Database.
16/08/2022 02:57:13  info: Server is up at Port 5000
16/08/2022 02:57:36  info: Connected to the Database.
16/08/2022 02:57:36  info: Server is up at Port 5000
16/08/2022 02:58:28  info: Connected to the Database.
16/08/2022 02:58:28  info: Server is up at Port 5000
16/08/2022 03:01:02  info: Connected to the Database.
16/08/2022 03:01:02  info: Server is up at Port 5000
16/08/2022 03:01:37  error: Cannot set properties of undefined (setting 'undefined')
16/08/2022 03:01:37  error: Cannot read properties of undefined (reading '0')
16/08/2022 03:02:13  info: Connected to the Database.
16/08/2022 03:02:13  info: Server is up at Port 5000
16/08/2022 03:02:17  info: Connected to the Database.
16/08/2022 03:02:17  info: Server is up at Port 5000
16/08/2022 03:02:23  error: Cannot set properties of undefined (setting 'undefined')
16/08/2022 03:02:23  error: Cannot read properties of undefined (reading '0')
16/08/2022 03:02:45  info: Connected to the Database.
16/08/2022 03:02:45  info: Server is up at Port 5000
16/08/2022 03:02:53  error: Cannot set properties of undefined (setting 'undefined')
16/08/2022 03:02:53  error: Cannot read properties of undefined (reading '0')
16/08/2022 03:03:55  info: Connected to the Database.
16/08/2022 03:03:55  info: Server is up at Port 5000
16/08/2022 03:04:10  info: Connected to the Database.
16/08/2022 03:04:10  info: Server is up at Port 5000
16/08/2022 03:04:12  info: Connected to the Database.
16/08/2022 03:04:12  info: Server is up at Port 5000
16/08/2022 03:04:16  error: Cannot set properties of undefined (setting 'undefined')
16/08/2022 03:04:16  error: Cannot read properties of undefined (reading '0')
16/08/2022 03:05:31  info: Connected to the Database.
16/08/2022 03:05:31  info: Server is up at Port 5000
16/08/2022 03:05:37  info: Connected to the Database.
16/08/2022 03:05:37  info: Server is up at Port 5000
16/08/2022 03:06:02  error: Cannot read properties of undefined (reading '0')
16/08/2022 03:13:56  info: Connected to the Database.
16/08/2022 03:13:56  info: Server is up at Port 5000
16/08/2022 03:15:45  info: Connected to the Database.
16/08/2022 03:15:45  info: Server is up at Port 5000
16/08/2022 03:16:04  error: this.conversation.getQuestionTree is not a function
16/08/2022 03:16:43  info: Connected to the Database.
16/08/2022 03:16:43  info: Server is up at Port 5000
16/08/2022 03:16:47  error: Invalid attempt to iterate non-iterable instance.
In order to be iterable, non-array objects must have a [Symbol.iterator]() method.
16/08/2022 03:17:23  info: Connected to the Database.
16/08/2022 03:17:23  info: Server is up at Port 5000
16/08/2022 03:17:32  error: Invalid attempt to iterate non-iterable instance.
In order to be iterable, non-array objects must have a [Symbol.iterator]() method.
16/08/2022 03:18:15  info: Connected to the Database.
16/08/2022 03:18:15  info: Server is up at Port 5000
16/08/2022 03:18:23  error: Invalid attempt to iterate non-iterable instance.
In order to be iterable, non-array objects must have a [Symbol.iterator]() method.
16/08/2022 03:19:21  info: Connected to the Database.
16/08/2022 03:19:21  info: Server is up at Port 5000
16/08/2022 03:20:18  info: Connected to the Database.
16/08/2022 03:20:18  info: Server is up at Port 5000
16/08/2022 03:20:24  error: Cannot read properties of undefined (reading '0')
16/08/2022 03:21:19  info: Connected to the Database.
16/08/2022 03:21:19  info: Server is up at Port 5000
16/08/2022 03:25:51  info: Connected to the Database.
16/08/2022 03:25:51  info: Server is up at Port 5000
16/08/2022 03:26:52  info: Connected to the Database.
16/08/2022 03:26:52  info: Server is up at Port 5000
16/08/2022 03:29:36  info: Connected to the Database.
16/08/2022 03:29:36  info: Server is up at Port 5000
16/08/2022 03:29:40  info: Connected to the Database.
16/08/2022 03:29:40  info: Server is up at Port 5000
16/08/2022 03:30:45  error: Cannot read properties of undefined (reading '0')
16/08/2022 03:31:12  info: Connected to the Database.
16/08/2022 03:31:12  info: Server is up at Port 5000
16/08/2022 03:31:25  error: Cannot read properties of undefined (reading '0')
16/08/2022 03:33:03  info: Connected to the Database.
16/08/2022 03:33:03  info: Server is up at Port 5000
16/08/2022 15:16:34  info: Connected to the Database.
16/08/2022 15:16:34  info: Server is up at Port 5000
16/08/2022 15:16:57  info: Connected to the Database.
16/08/2022 15:16:57  info: Server is up at Port 5000
16/08/2022 15:17:55  info: Connected to the Database.
16/08/2022 15:17:55  info: Server is up at Port 5000
16/08/2022 15:19:39  info: Connected to the Database.
16/08/2022 15:19:39  info: Server is up at Port 5000
