27/07/2022 00:08:57  info: Connected to the Database.
27/07/2022 00:09:49  info: Connected to the Database.
27/07/2022 00:10:02  info: Connected to the Database.
27/07/2022 00:10:38  info: Connected to the Database.
27/07/2022 00:11:30  info: Connected to the Database.
27/07/2022 00:12:05  info: Connected to the Database.
27/07/2022 00:13:18  info: Connected to the Database.
27/07/2022 00:13:18  info: Server is up at Port 8000
27/07/2022 00:13:50  info: Connected to the Database.
27/07/2022 00:13:50  info: Server is up at Port 8000
27/07/2022 00:17:03  info: Connected to the Database.
27/07/2022 00:17:03  info: Server is up at Port 8000
27/07/2022 00:31:57  info: Connected to the Database.
27/07/2022 00:31:57  info: Server is up at Port 8000
27/07/2022 00:33:54  info: Connected to the Database.
27/07/2022 00:33:54  info: Server is up at Port 8000
27/07/2022 00:35:13  info: Connected to the Database.
27/07/2022 00:35:13  info: Server is up at Port 8000
27/07/2022 00:36:18  info: Connected to the Database.
27/07/2022 00:36:18  info: Server is up at Port 8000
27/07/2022 00:37:07  info: Connected to the Database.
27/07/2022 00:37:07  info: Server is up at Port 8000
27/07/2022 01:07:50  info: Connected to the Database.
27/07/2022 01:07:50  info: Server is up at Port 8000
27/07/2022 01:09:13  info: Connected to the Database.
27/07/2022 01:09:13  info: Server is up at Port 8000
27/07/2022 02:22:56  info: Connected to the Database.
27/07/2022 02:22:56  info: Server is up at Port 8000
27/07/2022 02:23:18  info: Connected to the Database.
27/07/2022 02:23:18  info: Server is up at Port 8000
27/07/2022 02:23:20  info: Connected to the Database.
27/07/2022 02:23:20  info: Server is up at Port 8000
27/07/2022 02:23:22  info: Connected to the Database.
27/07/2022 02:23:22  info: Server is up at Port 8000
27/07/2022 02:23:32  info: Connected to the Database.
27/07/2022 02:23:32  info: Server is up at Port 8000
27/07/2022 02:23:53  info: Connected to the Database.
27/07/2022 02:23:53  info: Server is up at Port 8000
27/07/2022 02:24:04  info: Connected to the Database.
27/07/2022 02:24:04  info: Server is up at Port 8000
27/07/2022 02:25:18  info: Connected to the Database.
27/07/2022 02:25:18  info: Server is up at Port 8000
27/07/2022 02:27:01  info: Connected to the Database.
27/07/2022 02:27:01  info: Server is up at Port 8000
27/07/2022 02:27:22  info: Connected to the Database.
27/07/2022 02:27:22  info: Server is up at Port 8000
27/07/2022 02:28:59  info: Connected to the Database.
27/07/2022 02:28:59  info: Server is up at Port 8000
27/07/2022 02:31:04  info: Connected to the Database.
27/07/2022 02:31:04  info: Server is up at Port 8000
27/07/2022 02:32:59  info: Connected to the Database.
27/07/2022 02:32:59  info: Server is up at Port 8000
27/07/2022 02:35:36  info: Connected to the Database.
27/07/2022 02:35:36  info: Server is up at Port 8000
27/07/2022 02:37:55  info: Connected to the Database.
27/07/2022 02:37:56  info: Server is up at Port 8000
27/07/2022 02:41:21  info: Connected to the Database.
27/07/2022 02:41:21  info: Server is up at Port 8000
27/07/2022 02:43:32  info: Connected to the Database.
27/07/2022 02:43:32  info: Server is up at Port 8000
27/07/2022 02:48:23  info: Connected to the Database.
27/07/2022 02:48:23  info: Server is up at Port 8000
27/07/2022 02:50:31  info: Connected to the Database.
27/07/2022 02:50:31  info: Server is up at Port 8000
27/07/2022 02:53:25  info: Connected to the Database.
27/07/2022 02:53:26  info: Server is up at Port 8000
27/07/2022 03:19:41  info: Connected to the Database.
27/07/2022 03:19:41  info: Server is up at Port 8000
27/07/2022 03:26:58  info: Connected to the Database.
27/07/2022 03:26:58  info: Server is up at Port 8000
27/07/2022 03:28:10  info: Connected to the Database.
27/07/2022 03:28:10  info: Server is up at Port 8000
27/07/2022 03:28:35  info: Connected to the Database.
27/07/2022 03:28:35  info: Server is up at Port 8000
27/07/2022 03:29:07  info: Connected to the Database.
27/07/2022 03:29:07  info: Server is up at Port 8000
27/07/2022 03:33:16  info: Connected to the Database.
27/07/2022 03:33:16  info: Server is up at Port 8000
27/07/2022 03:37:07  info: Connected to the Database.
27/07/2022 03:37:07  info: Server is up at Port 8000
27/07/2022 03:38:07  info: Connected to the Database.
27/07/2022 03:38:07  info: Server is up at Port 8000
27/07/2022 03:38:20  info: Connected to the Database.
27/07/2022 03:38:20  info: Server is up at Port 8000
27/07/2022 03:38:54  info: Connected to the Database.
27/07/2022 03:38:54  info: Server is up at Port 8000
27/07/2022 03:39:18  info: Connected to the Database.
27/07/2022 03:39:18  info: Server is up at Port 8000
27/07/2022 03:41:32  info: Connected to the Database.
27/07/2022 03:41:32  info: Server is up at Port 8000
27/07/2022 03:41:42  info: Connected to the Database.
27/07/2022 03:41:42  info: Server is up at Port 8000
27/07/2022 03:41:59  info: Connected to the Database.
27/07/2022 03:41:59  info: Server is up at Port 8000
27/07/2022 03:43:03  info: Connected to the Database.
27/07/2022 03:43:03  info: Server is up at Port 8000
27/07/2022 10:07:44  info: Connected to the Database.
27/07/2022 10:07:44  info: Server is up at Port 8000
27/07/2022 10:19:08  info: Connected to the Database.
27/07/2022 10:19:08  info: Server is up at Port 8000
27/07/2022 10:19:11  info: Connected to the Database.
27/07/2022 10:19:11  info: Server is up at Port 8000
27/07/2022 10:38:24  info: Connected to the Database.
27/07/2022 10:38:24  info: Server is up at Port 8000
27/07/2022 10:38:26  info: Connected to the Database.
27/07/2022 10:38:26  info: Server is up at Port 8000
27/07/2022 10:41:20  info: Connected to the Database.
27/07/2022 10:41:21  info: Server is up at Port 8000
27/07/2022 10:42:50  info: Connected to the Database.
27/07/2022 10:42:50  info: Server is up at Port 8000
27/07/2022 10:45:10  info: Connected to the Database.
27/07/2022 10:45:10  info: Server is up at Port 8000
27/07/2022 10:45:22  info: Connected to the Database.
27/07/2022 10:45:22  info: Server is up at Port 8000
27/07/2022 10:46:57  info: Connected to the Database.
27/07/2022 10:46:57  info: Server is up at Port 8000
27/07/2022 10:47:14  info: Connected to the Database.
27/07/2022 10:47:14  info: Server is up at Port 8000
27/07/2022 10:47:27  info: Connected to the Database.
27/07/2022 10:47:27  info: Server is up at Port 8000
27/07/2022 10:47:33  info: Connected to the Database.
27/07/2022 10:47:33  info: Server is up at Port 8000
27/07/2022 10:48:22  info: Connected to the Database.
27/07/2022 10:48:22  info: Server is up at Port 8000
27/07/2022 10:49:31  info: Connected to the Database.
27/07/2022 10:49:31  info: Server is up at Port 8000
27/07/2022 10:50:04  info: Connected to the Database.
27/07/2022 10:50:04  info: Server is up at Port 8000
27/07/2022 10:50:38  info: Connected to the Database.
27/07/2022 10:50:38  info: Server is up at Port 8000
27/07/2022 10:52:53  error: TypeError: this.categorySelector is not a function
27/07/2022 10:53:40  info: Connected to the Database.
27/07/2022 10:53:40  info: Server is up at Port 8000
27/07/2022 10:54:25  info: Connected to the Database.
27/07/2022 10:54:25  info: Server is up at Port 8000
27/07/2022 11:01:52  info: Connected to the Database.
27/07/2022 11:02:09  info: Connected to the Database.
27/07/2022 11:02:09  info: Server is up at Port 8000
27/07/2022 11:04:43  info: Connected to the Database.
27/07/2022 11:04:43  info: Server is up at Port 8000
27/07/2022 11:05:10  info: Connected to the Database.
27/07/2022 11:05:10  info: Server is up at Port 8000
27/07/2022 11:06:31  info: Connected to the Database.
27/07/2022 11:06:31  info: Server is up at Port 8000
27/07/2022 11:06:50  info: Connected to the Database.
27/07/2022 11:06:50  info: Server is up at Port 8000
27/07/2022 11:06:54  info: Connected to the Database.
27/07/2022 11:06:54  info: Server is up at Port 8000
27/07/2022 11:07:26  info: Connected to the Database.
27/07/2022 11:07:26  info: Server is up at Port 8000
27/07/2022 11:10:23  info: Connected to the Database.
27/07/2022 11:10:23  info: Server is up at Port 8000
27/07/2022 11:10:44  info: Connected to the Database.
27/07/2022 11:10:44  info: Server is up at Port 8000
27/07/2022 11:11:34  info: Connected to the Database.
27/07/2022 11:11:34  info: Server is up at Port 8000
27/07/2022 11:11:56  info: Connected to the Database.
27/07/2022 11:11:56  info: Server is up at Port 8000
27/07/2022 11:15:02  info: Connected to the Database.
27/07/2022 11:15:02  info: Server is up at Port 8000
27/07/2022 11:17:27  info: Connected to the Database.
27/07/2022 11:17:27  info: Server is up at Port 8000
27/07/2022 11:17:58  info: Connected to the Database.
27/07/2022 11:17:58  info: Server is up at Port 8000
27/07/2022 11:18:30  info: Connected to the Database.
27/07/2022 11:18:30  info: Server is up at Port 8000
27/07/2022 11:18:50  info: Connected to the Database.
27/07/2022 11:18:50  info: Server is up at Port 8000
27/07/2022 11:20:50  info: Connected to the Database.
27/07/2022 11:20:50  info: Server is up at Port 8000
27/07/2022 11:21:52  info: Connected to the Database.
27/07/2022 11:21:52  info: Server is up at Port 8000
27/07/2022 11:24:44  info: Connected to the Database.
27/07/2022 11:24:44  info: Server is up at Port 8000
27/07/2022 11:26:08  info: Connected to the Database.
27/07/2022 11:26:08  info: Server is up at Port 8000
27/07/2022 11:28:00  info: Connected to the Database.
27/07/2022 11:28:00  info: Server is up at Port 8000
27/07/2022 11:51:57  info: Connected to the Database.
27/07/2022 11:51:57  info: Server is up at Port 8000
27/07/2022 11:52:54  info: Connected to the Database.
27/07/2022 11:52:54  info: Server is up at Port 8000
27/07/2022 11:54:57  info: Connected to the Database.
27/07/2022 11:54:57  info: Server is up at Port 8000
27/07/2022 11:55:21  info: Connected to the Database.
27/07/2022 11:55:21  info: Server is up at Port 8000
27/07/2022 11:55:38  info: Connected to the Database.
27/07/2022 11:55:38  info: Server is up at Port 8000
27/07/2022 12:18:36  info: Connected to the Database.
27/07/2022 12:18:36  info: Server is up at Port 8000
27/07/2022 12:39:11  info: Connected to the Database.
27/07/2022 12:39:11  info: Server is up at Port 8000
27/07/2022 12:40:05  info: Connected to the Database.
27/07/2022 12:40:05  info: Server is up at Port 8000
27/07/2022 12:40:11  info: Connected to the Database.
27/07/2022 12:40:11  info: Server is up at Port 8000
27/07/2022 12:42:00  info: Connected to the Database.
27/07/2022 12:42:00  info: Server is up at Port 8000
27/07/2022 12:42:28  info: Connected to the Database.
27/07/2022 12:42:28  info: Server is up at Port 8000
27/07/2022 12:43:08  info: Connected to the Database.
27/07/2022 12:43:08  info: Server is up at Port 8000
27/07/2022 12:44:55  info: Connected to the Database.
27/07/2022 12:44:55  info: Server is up at Port 8000
27/07/2022 12:46:03  info: Connected to the Database.
27/07/2022 12:46:03  info: Server is up at Port 8000
27/07/2022 12:46:29  info: Connected to the Database.
27/07/2022 12:46:29  info: Server is up at Port 8000
27/07/2022 12:46:33  info: Connected to the Database.
27/07/2022 12:46:33  info: Server is up at Port 8000
27/07/2022 12:47:27  info: Connected to the Database.
27/07/2022 12:47:27  info: Server is up at Port 8000
27/07/2022 12:48:03  info: Connected to the Database.
27/07/2022 12:48:03  info: Server is up at Port 8000
27/07/2022 12:49:27  info: Connected to the Database.
27/07/2022 12:49:27  info: Server is up at Port 8000
27/07/2022 12:49:48  info: Connected to the Database.
27/07/2022 12:49:48  info: Server is up at Port 8000
27/07/2022 12:52:29  info: Connected to the Database.
27/07/2022 12:52:29  info: Server is up at Port 8000
27/07/2022 12:54:31  info: Connected to the Database.
27/07/2022 12:54:31  info: Server is up at Port 8000
27/07/2022 12:54:57  info: Connected to the Database.
27/07/2022 12:54:57  info: Server is up at Port 8000
27/07/2022 12:56:07  info: Connected to the Database.
27/07/2022 12:56:07  info: Server is up at Port 8000
27/07/2022 12:57:15  info: Connected to the Database.
27/07/2022 12:57:15  info: Server is up at Port 8000
27/07/2022 12:57:29  info: Connected to the Database.
27/07/2022 12:57:29  info: Server is up at Port 8000
27/07/2022 13:14:00  info: Connected to the Database.
27/07/2022 13:14:00  info: Server is up at Port 8000
27/07/2022 13:20:30  info: Connected to the Database.
27/07/2022 13:20:30  info: Server is up at Port 8000
27/07/2022 13:23:25  info: Connected to the Database.
27/07/2022 13:23:25  info: Server is up at Port 8000
27/07/2022 13:29:12  info: Connected to the Database.
27/07/2022 13:29:12  info: Server is up at Port 8000
27/07/2022 13:29:49  info: Connected to the Database.
27/07/2022 13:29:49  info: Server is up at Port 8000
27/07/2022 13:30:09  error: Please provide a valid corporate.
27/07/2022 13:30:28  info: Category created successfully.
27/07/2022 13:30:52  info: Connected to the Database.
27/07/2022 13:30:52  info: Server is up at Port 8000
27/07/2022 13:30:58  error: Category firstCategory already exists
27/07/2022 13:31:07  info: Connected to the Database.
27/07/2022 13:31:07  info: Server is up at Port 8000
27/07/2022 13:31:10  error: Category firstCategory already exists
27/07/2022 13:31:41  info: Connected to the Database.
27/07/2022 13:31:41  info: Server is up at Port 8000
27/07/2022 14:46:57  info: Connected to the Database.
27/07/2022 14:46:57  info: Server is up at Port 8000
27/07/2022 16:38:27  info: Connected to the Database.
27/07/2022 16:38:27  info: Server is up at Port 8000
27/07/2022 17:14:33  info: Connected to the Database.
27/07/2022 17:14:33  info: Server is up at Port 8000
27/07/2022 17:22:14  info: Connected to the Database.
27/07/2022 17:22:14  info: Server is up at Port 8000
27/07/2022 17:24:49  info: Connected to the Database.
27/07/2022 17:24:49  info: Server is up at Port 8000
27/07/2022 17:24:56  info: Connected to the Database.
27/07/2022 17:24:56  info: Server is up at Port 8000
27/07/2022 17:25:51  info: Connected to the Database.
27/07/2022 17:25:51  info: Server is up at Port 8000
27/07/2022 17:25:54  info: Connected to the Database.
27/07/2022 17:25:54  info: Server is up at Port 8000
27/07/2022 17:26:58  info: Connected to the Database.
27/07/2022 17:26:58  info: Server is up at Port 8000
27/07/2022 17:27:02  info: Connected to the Database.
27/07/2022 17:27:02  info: Server is up at Port 8000
27/07/2022 17:27:12  info: Connected to the Database.
27/07/2022 17:27:12  info: Server is up at Port 8000
27/07/2022 17:29:11  info: Connected to the Database.
27/07/2022 17:29:11  info: Server is up at Port 8000
27/07/2022 18:12:07  info: Connected to the Database.
27/07/2022 18:12:07  info: Server is up at Port 8000
27/07/2022 18:12:43  info: Connected to the Database.
27/07/2022 18:12:43  info: Server is up at Port 8000
27/07/2022 18:13:24  info: Connected to the Database.
27/07/2022 18:13:24  info: Server is up at Port 8000
27/07/2022 18:13:42  info: Connected to the Database.
27/07/2022 18:13:42  info: Server is up at Port 8000
27/07/2022 18:18:26  info: Connected to the Database.
27/07/2022 18:18:26  info: Server is up at Port 8000
27/07/2022 18:18:50  info: Connected to the Database.
27/07/2022 18:18:50  info: Server is up at Port 8000
27/07/2022 18:19:40  info: Connected to the Database.
27/07/2022 18:19:40  info: Server is up at Port 8000
27/07/2022 18:20:26  info: Connected to the Database.
27/07/2022 18:20:26  info: Server is up at Port 8000
27/07/2022 18:21:22  info: Connected to the Database.
27/07/2022 18:21:22  info: Server is up at Port 8000
27/07/2022 18:21:31  info: Connected to the Database.
27/07/2022 18:21:31  info: Server is up at Port 8000
27/07/2022 18:21:44  info: Connected to the Database.
27/07/2022 18:21:44  info: Server is up at Port 8000
27/07/2022 18:23:56  info: Connected to the Database.
27/07/2022 18:23:56  info: Server is up at Port 8000
27/07/2022 18:23:57  info: Connected to the Database.
27/07/2022 18:23:57  info: Server is up at Port 8000
27/07/2022 18:24:52  info: Connected to the Database.
27/07/2022 18:24:52  info: Server is up at Port 8000
27/07/2022 18:24:53  info: Connected to the Database.
27/07/2022 18:24:53  info: Server is up at Port 8000
27/07/2022 18:25:08  info: Connected to the Database.
27/07/2022 18:25:08  info: Server is up at Port 8000
27/07/2022 18:25:26  info: Connected to the Database.
27/07/2022 18:25:26  info: Server is up at Port 8000
27/07/2022 18:25:42  info: Connected to the Database.
27/07/2022 18:25:42  info: Server is up at Port 8000
27/07/2022 18:30:50  info: Connected to the Database.
27/07/2022 18:30:50  info: Server is up at Port 8000
27/07/2022 18:55:54  info: Connected to the Database.
27/07/2022 18:55:54  info: Server is up at Port 8000
27/07/2022 18:56:09  info: Connected to the Database.
27/07/2022 18:56:09  info: Server is up at Port 8000
27/07/2022 19:51:17  info: Connected to the Database.
27/07/2022 19:51:17  info: Server is up at Port 8000
27/07/2022 19:51:58  info: Connected to the Database.
27/07/2022 19:51:58  info: Server is up at Port 8000
27/07/2022 19:52:22  info: Connected to the Database.
27/07/2022 19:52:22  info: Server is up at Port 8000
27/07/2022 19:52:57  info: Connected to the Database.
27/07/2022 19:52:57  info: Server is up at Port 8000
27/07/2022 19:53:59  info: Connected to the Database.
27/07/2022 19:53:59  info: Server is up at Port 8000
27/07/2022 19:54:14  info: Connected to the Database.
27/07/2022 19:54:14  info: Server is up at Port 8000
27/07/2022 20:28:22  info: Connected to the Database.
27/07/2022 20:28:22  info: Server is up at Port 8000
27/07/2022 20:28:43  info: Connected to the Database.
27/07/2022 20:28:43  info: Server is up at Port 8000
27/07/2022 20:28:48  info: Connected to the Database.
27/07/2022 20:28:48  info: Server is up at Port 8000
27/07/2022 20:29:13  info: Connected to the Database.
27/07/2022 20:29:13  info: Server is up at Port 8000
27/07/2022 20:30:07  info: Connected to the Database.
27/07/2022 20:30:07  info: Server is up at Port 8000
27/07/2022 20:34:00  info: Connected to the Database.
27/07/2022 20:34:00  info: Server is up at Port 8000
27/07/2022 20:38:00  info: Connected to the Database.
27/07/2022 20:38:00  info: Server is up at Port 8000
27/07/2022 20:50:40  info: Connected to the Database.
27/07/2022 20:50:40  info: Server is up at Port 8000
27/07/2022 20:52:27  info: Connected to the Database.
27/07/2022 20:52:27  info: Server is up at Port 8000
27/07/2022 20:53:18  error: Cannot read properties of undefined (reading 'transport')
27/07/2022 20:54:09  info: Connected to the Database.
27/07/2022 20:54:09  info: Server is up at Port 8000
27/07/2022 20:59:55  info: Connected to the Database.
27/07/2022 20:59:55  info: Server is up at Port 8000
27/07/2022 21:05:57  info: Connected to the Database.
27/07/2022 21:05:57  info: Server is up at Port 8000
27/07/2022 21:08:18  info: Connected to the Database.
27/07/2022 21:08:18  info: Server is up at Port 8000
27/07/2022 21:08:27  info: Connected to the Database.
27/07/2022 21:08:27  info: Server is up at Port 8000
27/07/2022 21:09:47  info: Connected to the Database.
27/07/2022 21:09:47  info: Server is up at Port 8000
27/07/2022 21:10:08  info: Connected to the Database.
27/07/2022 21:10:08  info: Server is up at Port 8000
27/07/2022 21:10:58  error: client is not defined
27/07/2022 21:12:20  info: Connected to the Database.
27/07/2022 21:12:21  info: Server is up at Port 8000
27/07/2022 21:12:45  info: Connected to the Database.
27/07/2022 21:12:45  info: Server is up at Port 8000
27/07/2022 21:13:55  error: Cannot read properties of undefined (reading 'transport')
27/07/2022 21:23:44  info: Connected to the Database.
27/07/2022 21:23:44  info: Server is up at Port 8000
27/07/2022 21:23:46  info: Connected to the Database.
27/07/2022 21:23:46  info: Server is up at Port 8000
27/07/2022 21:26:25  info: Connected to the Database.
27/07/2022 21:26:25  info: Server is up at Port 8000
27/07/2022 21:27:21  info: Connected to the Database.
27/07/2022 21:27:21  info: Server is up at Port 8000
27/07/2022 21:27:54  info: Connected to the Database.
27/07/2022 21:27:54  info: Server is up at Port 8000
27/07/2022 21:28:26  info: Connected to the Database.
27/07/2022 21:28:26  info: Server is up at Port 8000
27/07/2022 21:28:41  info: Connected to the Database.
27/07/2022 21:28:41  info: Server is up at Port 8000
27/07/2022 21:29:01  info: Connected to the Database.
27/07/2022 21:29:01  info: Server is up at Port 8000
27/07/2022 21:34:29  info: Connected to the Database.
27/07/2022 21:34:29  info: Server is up at Port 8000
27/07/2022 21:36:47  info: Connected to the Database.
27/07/2022 21:36:47  info: Server is up at Port 8000
27/07/2022 21:37:29  error: Cannot read properties of undefined (reading 'category')
27/07/2022 21:38:17  info: Connected to the Database.
27/07/2022 21:38:17  info: Server is up at Port 8000
27/07/2022 21:38:58  error: Cannot read properties of undefined (reading 'category')
27/07/2022 21:39:49  info: Connected to the Database.
27/07/2022 21:39:49  info: Server is up at Port 8000
27/07/2022 21:42:51  info: Connected to the Database.
27/07/2022 21:42:51  info: Server is up at Port 8000
27/07/2022 21:43:32  error: Cannot read properties of undefined (reading 'category')
27/07/2022 21:46:31  info: Connected to the Database.
27/07/2022 21:46:31  info: Server is up at Port 8000
27/07/2022 21:46:42  info: Connected to the Database.
27/07/2022 21:46:42  info: Server is up at Port 8000
27/07/2022 21:47:31  info: Connected to the Database.
27/07/2022 21:47:31  info: Server is up at Port 8000
27/07/2022 21:47:44  info: Connected to the Database.
27/07/2022 21:47:44  info: Server is up at Port 8000
27/07/2022 21:49:01  error: Cannot read properties of undefined (reading 'category')
27/07/2022 21:55:13  info: Connected to the Database.
27/07/2022 21:55:13  info: Server is up at Port 8000
27/07/2022 21:58:04  info: Connected to the Database.
27/07/2022 21:58:04  info: Server is up at Port 8000
27/07/2022 22:00:03  info: Connected to the Database.
27/07/2022 22:00:03  info: Server is up at Port 8000
27/07/2022 22:02:19  info: Connected to the Database.
27/07/2022 22:02:19  info: Server is up at Port 8000
27/07/2022 22:03:00  info: Connected to the Database.
27/07/2022 22:03:00  info: Server is up at Port 8000
27/07/2022 22:03:31  info: Connected to the Database.
27/07/2022 22:03:31  info: Server is up at Port 8000
27/07/2022 22:05:11  info: Connected to the Database.
27/07/2022 22:05:11  info: Server is up at Port 8000
27/07/2022 22:08:14  info: Connected to the Database.
27/07/2022 22:08:14  info: Server is up at Port 8000
27/07/2022 22:42:41  info: Connected to the Database.
27/07/2022 22:42:41  info: Server is up at Port 8000
27/07/2022 22:43:32  error: TypeError: Cannot read properties of null (reading '1')
27/07/2022 22:44:50  info: Connected to the Database.
27/07/2022 22:44:50  info: Server is up at Port 8000
27/07/2022 22:45:25  error: TypeError: Cannot read properties of null (reading '1')
27/07/2022 22:46:23  info: Connected to the Database.
27/07/2022 22:46:23  info: Server is up at Port 8000
27/07/2022 22:53:24  info: Connected to the Database.
27/07/2022 22:53:24  info: Server is up at Port 8000
27/07/2022 23:10:12  info: Connected to the Database.
27/07/2022 23:10:44  info: Connected to the Database.
27/07/2022 23:10:44  info: Server is up at Port 8000
27/07/2022 23:11:25  info: Connected to the Database.
27/07/2022 23:11:25  info: Server is up at Port 8000
27/07/2022 23:12:04  info: Connected to the Database.
27/07/2022 23:12:04  info: Server is up at Port 8000
27/07/2022 23:13:19  info: Connected to the Database.
27/07/2022 23:13:19  info: Server is up at Port 8000
27/07/2022 23:14:01  info: Connected to the Database.
27/07/2022 23:14:01  info: Server is up at Port 8000
27/07/2022 23:15:37  info: Connected to the Database.
27/07/2022 23:15:37  info: Server is up at Port 8000
27/07/2022 23:15:45  info: Connected to the Database.
27/07/2022 23:15:45  info: Server is up at Port 8000
27/07/2022 23:16:03  info: Connected to the Database.
27/07/2022 23:16:03  info: Server is up at Port 8000
27/07/2022 23:20:13  info: Connected to the Database.
27/07/2022 23:20:13  info: Server is up at Port 8000
27/07/2022 23:20:36  info: Connected to the Database.
27/07/2022 23:20:36  info: Server is up at Port 8000
27/07/2022 23:20:46  info: Connected to the Database.
27/07/2022 23:20:46  info: Server is up at Port 8000
27/07/2022 23:21:12  info: Connected to the Database.
27/07/2022 23:21:12  info: Server is up at Port 8000
27/07/2022 23:21:37  info: Connected to the Database.
27/07/2022 23:21:37  info: Server is up at Port 8000
27/07/2022 23:22:33  info: Connected to the Database.
27/07/2022 23:22:33  info: Server is up at Port 8000
27/07/2022 23:22:49  info: Connected to the Database.
27/07/2022 23:22:49  info: Server is up at Port 8000
27/07/2022 23:23:08  info: Connected to the Database.
27/07/2022 23:23:08  info: Server is up at Port 8000
27/07/2022 23:26:42  info: Connected to the Database.
27/07/2022 23:26:42  info: Server is up at Port 8000
27/07/2022 23:27:04  info: Connected to the Database.
27/07/2022 23:27:04  info: Server is up at Port 8000
27/07/2022 23:27:31  info: Connected to the Database.
27/07/2022 23:27:31  info: Server is up at Port 8000
27/07/2022 23:27:39  info: Connected to the Database.
27/07/2022 23:27:39  info: Server is up at Port 8000
27/07/2022 23:27:46  info: Connected to the Database.
27/07/2022 23:27:46  info: Server is up at Port 8000
27/07/2022 23:28:16  info: Connected to the Database.
27/07/2022 23:28:16  info: Server is up at Port 8000
27/07/2022 23:29:06  info: Connected to the Database.
27/07/2022 23:29:06  info: Server is up at Port 8000
