28/07/2022 00:34:03  info: Connected to the Database.
28/07/2022 00:34:03  info: Server is up at Port 8000
28/07/2022 00:35:23  info: Connected to the Database.
28/07/2022 00:35:23  info: Server is up at Port 8000
28/07/2022 00:36:02  info: Connected to the Database.
28/07/2022 00:36:02  info: Server is up at Port 8000
28/07/2022 00:38:44  info: Connected to the Database.
28/07/2022 00:38:44  info: Server is up at Port 8000
28/07/2022 00:43:40  info: Connected to the Database.
28/07/2022 00:43:40  info: Server is up at Port 8000
28/07/2022 00:43:43  info: Connected to the Database.
28/07/2022 00:43:43  info: Server is up at Port 8000
28/07/2022 00:44:16  info: Connected to the Database.
28/07/2022 00:44:16  info: Server is up at Port 8000
28/07/2022 00:46:04  info: Connected to the Database.
28/07/2022 00:46:04  info: Server is up at Port 8000
28/07/2022 00:46:06  info: Connected to the Database.
28/07/2022 00:46:06  info: Server is up at Port 8000
28/07/2022 00:51:25  info: Connected to the Database.
28/07/2022 00:51:25  info: Server is up at Port 8000
28/07/2022 00:52:40  info: Connected to the Database.
28/07/2022 00:52:40  info: Server is up at Port 8000
28/07/2022 00:53:55  info: Connected to the Database.
28/07/2022 00:53:55  info: Server is up at Port 8000
28/07/2022 00:54:34  info: Connected to the Database.
28/07/2022 00:54:34  info: Server is up at Port 8000
28/07/2022 09:38:51  info: Connected to the Database.
28/07/2022 09:38:51  info: Server is up at Port 8000
28/07/2022 09:53:35  info: Connected to the Database.
28/07/2022 09:53:35  info: Server is up at Port 8000
28/07/2022 09:57:02  info: Connected to the Database.
28/07/2022 09:57:02  info: Server is up at Port 8000
28/07/2022 10:44:08  info: Connected to the Database.
28/07/2022 10:44:08  info: Server is up at Port 8000
28/07/2022 10:44:48  info: Connected to the Database.
28/07/2022 10:44:48  info: Server is up at Port 8000
28/07/2022 12:15:36  info: Connected to the Database.
28/07/2022 12:15:36  info: Server is up at Port 8000
28/07/2022 12:29:49  info: Connected to the Database.
28/07/2022 12:29:49  info: Server is up at Port 8000
28/07/2022 12:29:51  info: Connected to the Database.
28/07/2022 12:29:51  info: Server is up at Port 8000
28/07/2022 12:32:05  info: Connected to the Database.
28/07/2022 12:32:05  info: Server is up at Port 8000
28/07/2022 12:32:57  info: Connected to the Database.
28/07/2022 12:32:57  info: Server is up at Port 8000
28/07/2022 12:33:16  info: Connected to the Database.
28/07/2022 12:33:16  info: Server is up at Port 8000
28/07/2022 12:33:43  info: Connected to the Database.
28/07/2022 12:33:43  info: Server is up at Port 8000
28/07/2022 12:33:47  info: Connected to the Database.
28/07/2022 12:33:47  info: Server is up at Port 8000
28/07/2022 12:34:01  info: Connected to the Database.
28/07/2022 12:34:01  info: Server is up at Port 8000
28/07/2022 12:51:09  info: Connected to the Database.
28/07/2022 12:51:09  info: Server is up at Port 8000
28/07/2022 12:56:52  info: Connected to the Database.
28/07/2022 12:56:52  info: Server is up at Port 8000
28/07/2022 12:57:18  info: Connected to the Database.
28/07/2022 12:57:18  info: Server is up at Port 8000
28/07/2022 12:57:27  info: Connected to the Database.
28/07/2022 12:57:27  info: Server is up at Port 8000
28/07/2022 13:01:39  info: Connected to the Database.
28/07/2022 13:01:39  info: Server is up at Port 8000
28/07/2022 13:02:12  info: Connected to the Database.
28/07/2022 13:02:12  info: Server is up at Port 8000
28/07/2022 13:02:42  info: Connected to the Database.
28/07/2022 13:02:42  info: Server is up at Port 8000
28/07/2022 13:03:07  info: Connected to the Database.
28/07/2022 13:03:07  info: Server is up at Port 8000
28/07/2022 13:03:58  info: Connected to the Database.
28/07/2022 13:03:58  info: Server is up at Port 8000
28/07/2022 13:04:54  info: Connected to the Database.
28/07/2022 13:04:54  info: Server is up at Port 8000
28/07/2022 13:06:47  info: Connected to the Database.
28/07/2022 13:06:47  info: Server is up at Port 8000
28/07/2022 13:06:55  info: Connected to the Database.
28/07/2022 13:06:55  info: Server is up at Port 8000
28/07/2022 13:07:16  info: Connected to the Database.
28/07/2022 13:07:16  info: Server is up at Port 8000
28/07/2022 13:07:34  info: Connected to the Database.
28/07/2022 13:07:34  info: Server is up at Port 8000
28/07/2022 13:08:58  info: Connected to the Database.
28/07/2022 13:08:58  info: Server is up at Port 8000
28/07/2022 13:10:58  info: Connected to the Database.
28/07/2022 13:10:58  info: Server is up at Port 8000
28/07/2022 13:13:43  info: Connected to the Database.
28/07/2022 13:13:43  info: Server is up at Port 8000
28/07/2022 13:28:32  info: Connected to the Database.
28/07/2022 13:28:32  info: Server is up at Port 8000
28/07/2022 13:29:05  info: Connected to the Database.
28/07/2022 13:29:05  info: Server is up at Port 8000
28/07/2022 13:30:14  info: Connected to the Database.
28/07/2022 13:30:14  info: Server is up at Port 8000
28/07/2022 13:30:19  info: Connected to the Database.
28/07/2022 13:30:19  info: Server is up at Port 8000
28/07/2022 13:31:08  info: Connected to the Database.
28/07/2022 13:31:08  info: Server is up at Port 8000
28/07/2022 13:31:18  info: Connected to the Database.
28/07/2022 13:31:18  info: Server is up at Port 8000
28/07/2022 13:32:45  info: Connected to the Database.
28/07/2022 13:32:45  info: Server is up at Port 8000
28/07/2022 13:33:44  info: Connected to the Database.
28/07/2022 13:33:44  info: Server is up at Port 8000
28/07/2022 13:35:15  info: Connected to the Database.
28/07/2022 13:35:15  info: Server is up at Port 8000
28/07/2022 13:35:39  info: Connected to the Database.
28/07/2022 13:35:39  info: Server is up at Port 8000
28/07/2022 13:38:32  info: Connected to the Database.
28/07/2022 13:38:32  info: Server is up at Port 8000
28/07/2022 13:54:34  info: Connected to the Database.
28/07/2022 13:54:34  info: Server is up at Port 8000
28/07/2022 13:55:17  info: Connected to the Database.
28/07/2022 13:55:17  info: Server is up at Port 8000
28/07/2022 13:55:25  info: Connected to the Database.
28/07/2022 13:55:25  info: Server is up at Port 8000
28/07/2022 13:57:16  info: Connected to the Database.
28/07/2022 13:57:16  info: Server is up at Port 8000
28/07/2022 14:00:33  info: Connected to the Database.
28/07/2022 14:00:33  info: Server is up at Port 8000
28/07/2022 14:01:44  info: Connected to the Database.
28/07/2022 14:01:44  info: Server is up at Port 8000
28/07/2022 14:02:24  error: Category not found associated to the email pritamtestemail@gmail.com
28/07/2022 14:03:46  info: Connected to the Database.
28/07/2022 14:03:46  info: Server is up at Port 8000
28/07/2022 14:04:38  error: clientsCollection.insertOne(...).toObject is not a function
28/07/2022 14:07:37  info: Connected to the Database.
28/07/2022 14:07:37  info: Server is up at Port 8000
28/07/2022 14:08:34  info: Connected to the Database.
28/07/2022 14:08:34  info: Server is up at Port 8000
28/07/2022 14:09:14  info: Connected to the Database.
28/07/2022 14:09:14  info: Server is up at Port 8000
28/07/2022 14:09:29  info: Connected to the Database.
28/07/2022 14:09:29  info: Server is up at Port 8000
28/07/2022 14:10:27  info: Connected to the Database.
28/07/2022 14:10:27  info: Server is up at Port 8000
28/07/2022 14:11:08  error: Cannot read properties of undefined (reading '0')
28/07/2022 14:11:33  info: Connected to the Database.
28/07/2022 14:11:33  info: Server is up at Port 8000
28/07/2022 14:11:42  info: Connected to the Database.
28/07/2022 14:11:42  info: Server is up at Port 8000
28/07/2022 14:15:11  info: Connected to the Database.
28/07/2022 14:15:11  info: Server is up at Port 8000
28/07/2022 14:16:47  info: Connected to the Database.
28/07/2022 14:16:47  info: Server is up at Port 8000
28/07/2022 14:20:28  info: Connected to the Database.
28/07/2022 14:20:28  info: Server is up at Port 8000
28/07/2022 14:21:42  info: Connected to the Database.
28/07/2022 14:21:42  info: Server is up at Port 8000
28/07/2022 14:22:18  error: Cannot read properties of undefined (reading 'category')
28/07/2022 14:24:25  info: Connected to the Database.
28/07/2022 14:24:25  info: Server is up at Port 8000
28/07/2022 14:24:57  info: Connected to the Database.
28/07/2022 14:24:57  info: Server is up at Port 8000
28/07/2022 14:24:59  info: Connected to the Database.
28/07/2022 14:24:59  info: Server is up at Port 8000
28/07/2022 14:25:57  info: Connected to the Database.
28/07/2022 14:25:57  info: Server is up at Port 8000
28/07/2022 14:26:10  info: Connected to the Database.
28/07/2022 14:26:10  info: Server is up at Port 8000
28/07/2022 14:26:32  info: Connected to the Database.
28/07/2022 14:26:32  info: Server is up at Port 8000
28/07/2022 14:27:22  info: Connected to the Database.
28/07/2022 14:27:22  info: Server is up at Port 8000
28/07/2022 14:28:44  error: Cannot read properties of undefined (reading 'category')
28/07/2022 14:30:16  info: Connected to the Database.
28/07/2022 14:30:16  info: Server is up at Port 8000
28/07/2022 14:30:23  info: Connected to the Database.
28/07/2022 14:30:23  info: Server is up at Port 8000
28/07/2022 14:30:34  info: Connected to the Database.
28/07/2022 14:30:34  info: Server is up at Port 8000
28/07/2022 14:31:21  info: Connected to the Database.
28/07/2022 14:31:21  info: Server is up at Port 8000
28/07/2022 14:31:54  error: Cannot read properties of undefined (reading 'category')
28/07/2022 14:32:34  info: Connected to the Database.
28/07/2022 14:32:34  info: Server is up at Port 8000
28/07/2022 14:32:47  info: Connected to the Database.
28/07/2022 14:32:47  info: Server is up at Port 8000
28/07/2022 14:33:19  error: Cannot read properties of undefined (reading 'category')
28/07/2022 14:34:14  info: Connected to the Database.
28/07/2022 14:34:14  info: Server is up at Port 8000
28/07/2022 14:34:33  info: Connected to the Database.
28/07/2022 14:34:33  info: Server is up at Port 8000
28/07/2022 14:35:18  error: Cannot read properties of undefined (reading 'Category')
28/07/2022 14:40:09  info: Connected to the Database.
28/07/2022 14:40:09  info: Server is up at Port 8000
28/07/2022 15:54:30  info: Connected to the Database.
28/07/2022 15:54:30  info: Server is up at Port 8000
28/07/2022 15:55:06  info: Connected to the Database.
28/07/2022 15:55:06  info: Server is up at Port 8000
28/07/2022 16:16:56  info: Connected to the Database.
28/07/2022 16:16:56  info: Server is up at Port 8000
28/07/2022 16:18:12  info: Connected to the Database.
28/07/2022 16:18:12  info: Server is up at Port 8000
28/07/2022 16:19:39  info: Connected to the Database.
28/07/2022 16:19:39  info: Server is up at Port 8000
28/07/2022 16:20:03  info: Connected to the Database.
28/07/2022 16:20:03  info: Server is up at Port 8000
28/07/2022 16:20:26  info: Connected to the Database.
28/07/2022 16:20:26  info: Server is up at Port 8000
28/07/2022 16:20:49  info: Connected to the Database.
28/07/2022 16:20:49  info: Server is up at Port 8000
28/07/2022 16:21:42  info: Connected to the Database.
28/07/2022 16:21:42  info: Server is up at Port 8000
28/07/2022 16:24:51  info: Connected to the Database.
28/07/2022 16:24:51  info: Server is up at Port 8000
28/07/2022 16:25:51  info: Connected to the Database.
28/07/2022 16:25:51  info: Server is up at Port 8000
28/07/2022 16:28:39  info: Connected to the Database.
28/07/2022 16:28:39  info: Server is up at Port 8000
28/07/2022 16:29:22  info: Connected to the Database.
28/07/2022 16:29:22  info: Server is up at Port 8000
28/07/2022 16:29:39  info: Connected to the Database.
28/07/2022 16:29:39  info: Server is up at Port 8000
28/07/2022 16:30:49  info: Connected to the Database.
28/07/2022 16:30:49  info: Server is up at Port 8000
28/07/2022 16:33:41  info: Connected to the Database.
28/07/2022 16:33:41  info: Server is up at Port 8000
28/07/2022 16:33:58  info: Connected to the Database.
28/07/2022 16:33:58  info: Server is up at Port 8000
28/07/2022 16:34:41  info: Connected to the Database.
28/07/2022 16:34:41  info: Server is up at Port 8000
28/07/2022 16:34:57  info: Connected to the Database.
28/07/2022 16:34:57  info: Server is up at Port 8000
28/07/2022 16:35:33  info: Connected to the Database.
28/07/2022 16:35:33  info: Server is up at Port 8000
28/07/2022 16:39:45  info: Connected to the Database.
28/07/2022 16:39:45  info: Server is up at Port 8000
28/07/2022 16:40:38  info: Connected to the Database.
28/07/2022 16:40:38  info: Server is up at Port 8000
28/07/2022 16:41:56  info: Connected to the Database.
28/07/2022 16:41:56  info: Server is up at Port 8000
28/07/2022 16:42:33  info: Connected to the Database.
28/07/2022 16:42:33  info: Server is up at Port 8000
28/07/2022 16:45:58  info: Connected to the Database.
28/07/2022 16:45:58  info: Server is up at Port 8000
28/07/2022 16:46:55  info: Connected to the Database.
28/07/2022 16:46:55  info: Server is up at Port 8000
28/07/2022 16:50:44  info: Connected to the Database.
28/07/2022 16:50:44  info: Server is up at Port 8000
28/07/2022 16:54:23  info: Connected to the Database.
28/07/2022 16:54:23  info: Server is up at Port 8000
28/07/2022 16:56:40  info: Connected to the Database.
28/07/2022 16:56:40  info: Server is up at Port 8000
28/07/2022 17:03:16  info: Connected to the Database.
28/07/2022 17:03:16  info: Server is up at Port 8000
28/07/2022 17:05:27  info: Connected to the Database.
28/07/2022 17:05:27  info: Server is up at Port 8000
28/07/2022 17:05:50  info: Connected to the Database.
28/07/2022 17:05:50  info: Server is up at Port 8000
28/07/2022 17:06:41  info: Connected to the Database.
28/07/2022 17:06:41  info: Server is up at Port 8000
28/07/2022 17:07:51  info: Connected to the Database.
28/07/2022 17:07:51  info: Server is up at Port 8000
28/07/2022 17:08:39  info: Connected to the Database.
28/07/2022 17:08:39  info: Server is up at Port 8000
28/07/2022 17:08:49  info: Connected to the Database.
28/07/2022 17:08:49  info: Server is up at Port 8000
28/07/2022 17:10:46  info: Connected to the Database.
28/07/2022 17:10:46  info: Server is up at Port 8000
28/07/2022 17:10:58  info: Connected to the Database.
28/07/2022 17:10:58  info: Server is up at Port 8000
28/07/2022 17:11:13  info: Connected to the Database.
28/07/2022 17:11:13  info: Server is up at Port 8000
28/07/2022 17:11:28  info: Connected to the Database.
28/07/2022 17:11:28  info: Server is up at Port 8000
28/07/2022 17:11:51  info: Connected to the Database.
28/07/2022 17:11:51  info: Server is up at Port 8000
28/07/2022 17:12:06  info: Connected to the Database.
28/07/2022 17:12:06  info: Server is up at Port 8000
28/07/2022 17:12:45  info: Connected to the Database.
28/07/2022 17:12:45  info: Server is up at Port 8000
28/07/2022 17:13:38  info: Connected to the Database.
28/07/2022 17:13:38  info: Server is up at Port 8000
28/07/2022 17:14:00  info: Connected to the Database.
28/07/2022 17:14:01  info: Server is up at Port 8000
28/07/2022 17:14:14  info: Connected to the Database.
28/07/2022 17:14:14  info: Server is up at Port 8000
28/07/2022 17:14:29  info: Connected to the Database.
28/07/2022 17:14:29  info: Server is up at Port 8000
28/07/2022 17:14:51  info: Connected to the Database.
28/07/2022 17:14:51  info: Server is up at Port 8000
28/07/2022 17:15:19  info: Connected to the Database.
28/07/2022 17:15:19  info: Server is up at Port 8000
28/07/2022 17:16:05  error: Cannot read properties of undefined (reading 'mailOptions')
28/07/2022 17:19:48  info: Connected to the Database.
28/07/2022 17:19:48  info: Server is up at Port 8000
28/07/2022 17:20:19  error: "newClient" is read-only
28/07/2022 17:21:05  info: Connected to the Database.
28/07/2022 17:21:05  info: Server is up at Port 8000
28/07/2022 17:21:50  info: Connected to the Database.
28/07/2022 17:21:50  info: Server is up at Port 8000
28/07/2022 17:24:22  info: Connected to the Database.
28/07/2022 17:24:22  info: Server is up at Port 8000
28/07/2022 17:24:24  info: Connected to the Database.
28/07/2022 17:24:24  info: Server is up at Port 8000
28/07/2022 17:25:14  info: Connected to the Database.
28/07/2022 17:25:14  info: Server is up at Port 8000
28/07/2022 17:25:41  info: Connected to the Database.
28/07/2022 17:25:41  info: Server is up at Port 8000
28/07/2022 17:34:51  info: Connected to the Database.
28/07/2022 17:34:51  info: Server is up at Port 8000
28/07/2022 17:34:58  info: Connected to the Database.
28/07/2022 17:34:58  info: Server is up at Port 8000
28/07/2022 17:35:50  error: Cannot read properties of undefined (reading 'mailOptions')
28/07/2022 17:37:57  info: Connected to the Database.
28/07/2022 17:37:57  info: Server is up at Port 8000
28/07/2022 17:38:32  error: Cannot read properties of undefined (reading 'mailOptions')
28/07/2022 17:39:41  info: Connected to the Database.
28/07/2022 17:39:41  info: Server is up at Port 8000
28/07/2022 17:40:17  error: Cannot read properties of undefined (reading 'mailOptions')
28/07/2022 17:44:51  info: Connected to the Database.
28/07/2022 17:44:51  info: Server is up at Port 8000
28/07/2022 17:45:22  info: Connected to the Database.
28/07/2022 17:45:22  info: Server is up at Port 8000
28/07/2022 17:46:48  info: Connected to the Database.
28/07/2022 17:46:48  info: Server is up at Port 8000
28/07/2022 17:48:34  info: Connected to the Database.
28/07/2022 17:48:34  info: Server is up at Port 8000
28/07/2022 17:49:14  info: Connected to the Database.
28/07/2022 17:49:14  info: Server is up at Port 8000
28/07/2022 17:49:49  info: Connected to the Database.
28/07/2022 17:49:49  info: Server is up at Port 8000
28/07/2022 17:52:09  info: Connected to the Database.
28/07/2022 17:52:09  info: Server is up at Port 8000
28/07/2022 17:52:18  debug: TICKET_95202277: isTheNodeComplete: undefined
28/07/2022 18:08:25  info: Connected to the Database.
28/07/2022 18:08:25  info: Server is up at Port 8000
28/07/2022 18:09:04  debug: undefined: isTheNodeComplete: A1
28/07/2022 18:11:43  info: Connected to the Database.
28/07/2022 18:11:43  info: Server is up at Port 8000
28/07/2022 18:11:49  info: Connected to the Database.
28/07/2022 18:11:49  info: Server is up at Port 8000
28/07/2022 18:12:22  info: Connected to the Database.
28/07/2022 18:12:22  info: Server is up at Port 8000
28/07/2022 18:12:57  debug: undefined: isTheNodeComplete: A1
28/07/2022 18:14:42  info: Connected to the Database.
28/07/2022 18:14:42  info: Server is up at Port 8000
28/07/2022 18:15:34  info: Connected to the Database.
28/07/2022 18:15:34  info: Server is up at Port 8000
28/07/2022 18:19:47  info: Connected to the Database.
28/07/2022 18:19:47  info: Server is up at Port 8000
28/07/2022 18:19:52  info: Connected to the Database.
28/07/2022 18:19:52  info: Server is up at Port 8000
28/07/2022 18:20:27  error: Cannot set properties of undefined (setting 'REFERENCE_NUMBER')
28/07/2022 18:21:20  info: Connected to the Database.
28/07/2022 18:21:20  info: Server is up at Port 8000
28/07/2022 18:21:56  error: Cannot set properties of undefined (setting 'REFERENCE_NUMBER')
28/07/2022 18:22:32  info: Connected to the Database.
28/07/2022 18:22:32  info: Server is up at Port 8000
28/07/2022 18:23:13  error: Cannot set properties of undefined (setting 'REFERENCE_NUMBER')
28/07/2022 18:25:02  info: Connected to the Database.
28/07/2022 18:25:02  info: Server is up at Port 8000
28/07/2022 18:25:19  info: Connected to the Database.
28/07/2022 18:25:19  info: Server is up at Port 8000
28/07/2022 18:25:30  info: Connected to the Database.
28/07/2022 18:25:30  info: Server is up at Port 8000
28/07/2022 18:26:03  info: Connected to the Database.
28/07/2022 18:26:03  info: Server is up at Port 8000
28/07/2022 18:26:30  error: Cannot set properties of undefined (setting 'REFERENCE_NUMBER')
28/07/2022 18:35:47  info: Connected to the Database.
28/07/2022 18:35:47  info: Server is up at Port 8000
28/07/2022 18:38:14  info: Connected to the Database.
28/07/2022 18:38:14  info: Server is up at Port 8000
28/07/2022 18:38:15  info: Connected to the Database.
28/07/2022 18:38:15  info: Server is up at Port 8000
28/07/2022 18:38:46  error: Cannot set properties of undefined (setting 'REFERENCE_NUMBER')
28/07/2022 18:41:41  info: Connected to the Database.
28/07/2022 18:41:41  info: Server is up at Port 8000
28/07/2022 18:41:45  info: Connected to the Database.
28/07/2022 18:41:45  info: Server is up at Port 8000
28/07/2022 18:42:23  info: Connected to the Database.
28/07/2022 18:42:23  info: Server is up at Port 8000
28/07/2022 18:46:59  info: Connected to the Database.
28/07/2022 18:46:59  info: Server is up at Port 8000
28/07/2022 18:49:11  info: Connected to the Database.
28/07/2022 18:49:11  info: Server is up at Port 8000
28/07/2022 18:49:26  info: Connected to the Database.
28/07/2022 18:49:26  info: Server is up at Port 8000
28/07/2022 18:50:31  info: Connected to the Database.
28/07/2022 18:50:31  info: Server is up at Port 8000
28/07/2022 19:17:25  info: Connected to the Database.
28/07/2022 19:17:25  info: Server is up at Port 8000
28/07/2022 19:17:30  info: Connected to the Database.
28/07/2022 19:17:30  info: Server is up at Port 8000
28/07/2022 19:19:54  info: Connected to the Database.
28/07/2022 19:19:54  info: Server is up at Port 8000
28/07/2022 19:21:08  info: Connected to the Database.
28/07/2022 19:21:08  info: Server is up at Port 8000
