25/07/2022 19:36:01  error: Please provide valid category name.
25/07/2022 19:36:48  error: Please provide a valid associated email
25/07/2022 19:37:10  info: Category created successfully.
25/07/2022 19:38:06  info: Connected to the Database.
25/07/2022 19:38:06  info: Server is up at Port 8000
25/07/2022 19:38:40  info: Category created successfully.
25/07/2022 19:39:07  info: Category deleted successfully.
25/07/2022 19:39:18  info: Category created successfully.
25/07/2022 19:41:18  info: Connected to the Database.
25/07/2022 19:41:18  info: Server is up at Port 8000
25/07/2022 19:42:02  info: Connected to the Database.
25/07/2022 19:42:02  info: Server is up at Port 8000
25/07/2022 19:43:24  info: Connected to the Database.
25/07/2022 19:43:24  info: Server is up at Port 8000
25/07/2022 19:44:11  info: Connected to the Database.
25/07/2022 19:44:11  info: Server is up at Port 8000
25/07/2022 19:44:30  info: Connected to the Database.
25/07/2022 19:44:30  info: Server is up at Port 8000
25/07/2022 19:47:58  info: Connected to the Database.
25/07/2022 19:47:58  info: Server is up at Port 8000
25/07/2022 19:48:10  error: Cannot read properties of undefined (reading 'email')
25/07/2022 19:50:20  error: Cannot read properties of undefined (reading 'email')
25/07/2022 21:01:10  info: Connected to the Database.
25/07/2022 21:01:10  info: Server is up at Port 8000
25/07/2022 21:10:41  info: Connected to the Database.
25/07/2022 21:10:41  info: Server is up at Port 8000
25/07/2022 21:23:46  info: Connected to the Database.
25/07/2022 21:23:46  info: Server is up at Port 8000
25/07/2022 21:27:46  info: Connected to the Database.
25/07/2022 21:27:46  info: Server is up at Port 8000
25/07/2022 21:28:33  info: Connected to the Database.
25/07/2022 21:28:33  info: Server is up at Port 8000
25/07/2022 21:30:20  info: Connected to the Database.
25/07/2022 21:30:20  info: Server is up at Port 8000
25/07/2022 21:30:38  info: Connected to the Database.
25/07/2022 21:30:38  info: Server is up at Port 8000
25/07/2022 21:39:20  info: Connected to the Database.
25/07/2022 21:39:20  info: Server is up at Port 8000
25/07/2022 21:59:41  info: Connected to the Database.
25/07/2022 21:59:41  info: Server is up at Port 8000
25/07/2022 22:04:36  info: Connected to the Database.
25/07/2022 22:04:36  info: Server is up at Port 8000
25/07/2022 22:08:51  info: Connected to the Database.
25/07/2022 22:08:51  info: Server is up at Port 8000
25/07/2022 22:36:07  info: Connected to the Database.
25/07/2022 22:36:07  info: Server is up at Port 8000
25/07/2022 23:07:20  info: Connected to the Database.
25/07/2022 23:07:20  info: Server is up at Port 8000
25/07/2022 23:07:25  info: Category created successfully.
25/07/2022 23:13:59  info: Connected to the Database.
25/07/2022 23:13:59  info: Server is up at Port 8000
25/07/2022 23:45:57  info: Connected to the Database.
25/07/2022 23:45:57  info: Server is up at Port 8000
25/07/2022 23:51:21  info: Connected to the Database.
25/07/2022 23:51:21  info: Server is up at Port 8000
