26/07/2022 00:06:53  info: Connected to the Database.
26/07/2022 00:06:53  info: Server is up at Port 8000
26/07/2022 00:07:26  info: Connected to the Database.
26/07/2022 00:07:26  info: Server is up at Port 8000
26/07/2022 00:07:42  info: Connected to the Database.
26/07/2022 00:07:42  info: Server is up at Port 8000
26/07/2022 00:14:04  info: Connected to the Database.
26/07/2022 00:14:04  info: Server is up at Port 8000
26/07/2022 00:19:08  info: Connected to the Database.
26/07/2022 00:19:08  info: Server is up at Port 8000
26/07/2022 00:23:27  info: Connected to the Database.
26/07/2022 00:23:27  info: Server is up at Port 8000
26/07/2022 00:23:53  info: Connected to the Database.
26/07/2022 00:23:53  info: Server is up at Port 8000
26/07/2022 00:24:28  info: Connected to the Database.
26/07/2022 00:24:28  info: Server is up at Port 8000
26/07/2022 00:24:41  info: Connected to the Database.
26/07/2022 00:24:41  info: Server is up at Port 8000
26/07/2022 00:24:55  info: Connected to the Database.
26/07/2022 00:24:55  info: Server is up at Port 8000
26/07/2022 00:25:17  info: Connected to the Database.
26/07/2022 00:25:17  info: Server is up at Port 8000
26/07/2022 01:49:05  info: Connected to the Database.
26/07/2022 01:49:05  info: Server is up at Port 8000
26/07/2022 01:49:55  info: Connected to the Database.
26/07/2022 01:49:55  info: Server is up at Port 8000
26/07/2022 01:54:22  info: Connected to the Database.
26/07/2022 01:54:22  info: Server is up at Port 8000
26/07/2022 02:00:38  info: Connected to the Database.
26/07/2022 02:00:38  info: Server is up at Port 8000
26/07/2022 02:01:57  info: Connected to the Database.
26/07/2022 02:01:57  info: Server is up at Port 8000
26/07/2022 02:05:29  info: Connected to the Database.
26/07/2022 02:05:29  info: Server is up at Port 8000
26/07/2022 02:10:18  info: Connected to the Database.
26/07/2022 02:10:18  info: Server is up at Port 8000
26/07/2022 02:14:08  info: Connected to the Database.
26/07/2022 02:14:08  info: Server is up at Port 8000
26/07/2022 02:14:20  info: Connected to the Database.
26/07/2022 02:14:20  info: Server is up at Port 8000
26/07/2022 02:14:46  info: Connected to the Database.
26/07/2022 02:14:46  info: Server is up at Port 8000
26/07/2022 09:53:46  info: Connected to the Database.
26/07/2022 09:53:46  info: Server is up at Port 8000
26/07/2022 09:57:10  info: New Client undefined has created.
26/07/2022 10:24:14  info: New Client undefined has created.
26/07/2022 11:39:46  info: Connected to the Database.
26/07/2022 11:39:46  info: Server is up at Port 8000
26/07/2022 11:41:00  info: Connected to the Database.
26/07/2022 11:41:00  info: Server is up at Port 8000
26/07/2022 11:41:36  info: Connected to the Database.
26/07/2022 11:41:36  info: Server is up at Port 8000
26/07/2022 11:43:44  info: Connected to the Database.
26/07/2022 11:43:44  info: Server is up at Port 8000
26/07/2022 11:44:04  info: Connected to the Database.
26/07/2022 11:44:04  info: Server is up at Port 8000
26/07/2022 11:44:14  info: Connected to the Database.
26/07/2022 11:44:14  info: Server is up at Port 8000
26/07/2022 11:45:58  info: Connected to the Database.
26/07/2022 11:45:58  info: Server is up at Port 8000
26/07/2022 11:49:11  info: New Client undefined has created.
26/07/2022 12:25:47  info: Connected to the Database.
26/07/2022 12:25:47  info: Server is up at Port 8000
26/07/2022 12:29:44  info: Connected to the Database.
26/07/2022 12:29:44  info: Server is up at Port 8000
26/07/2022 12:29:52  info: Connected to the Database.
26/07/2022 12:29:52  info: Server is up at Port 8000
26/07/2022 12:30:10  info: Connected to the Database.
26/07/2022 12:30:10  info: Server is up at Port 8000
26/07/2022 12:31:25  info: Connected to the Database.
26/07/2022 12:31:25  info: Server is up at Port 8000
26/07/2022 12:31:53  info: Connected to the Database.
26/07/2022 12:31:53  info: Server is up at Port 8000
26/07/2022 12:32:07  info: Connected to the Database.
26/07/2022 12:32:07  info: Server is up at Port 8000
26/07/2022 12:32:25  info: Connected to the Database.
26/07/2022 12:32:25  info: Server is up at Port 8000
26/07/2022 12:32:57  info: Connected to the Database.
26/07/2022 12:32:57  info: Server is up at Port 8000
26/07/2022 12:34:33  info: Connected to the Database.
26/07/2022 12:34:33  info: Server is up at Port 8000
26/07/2022 12:34:56  info: Connected to the Database.
26/07/2022 12:34:56  info: Server is up at Port 8000
26/07/2022 12:35:55  info: Connected to the Database.
26/07/2022 12:35:55  info: Server is up at Port 8000
26/07/2022 12:37:29  info: Connected to the Database.
26/07/2022 12:37:29  info: Server is up at Port 8000
26/07/2022 12:37:48  info: Connected to the Database.
26/07/2022 12:37:48  info: Server is up at Port 8000
26/07/2022 12:41:28  info: Connected to the Database.
26/07/2022 12:41:28  info: Server is up at Port 8000
26/07/2022 12:47:03  info: Connected to the Database.
26/07/2022 12:47:03  info: Server is up at Port 8000
26/07/2022 12:50:36  info: Connected to the Database.
26/07/2022 12:50:36  info: Server is up at Port 8000
26/07/2022 12:51:31  info: Connected to the Database.
26/07/2022 12:51:31  info: Server is up at Port 8000
26/07/2022 12:52:00  info: Connected to the Database.
26/07/2022 12:52:00  info: Server is up at Port 8000
26/07/2022 12:59:28  info: Connected to the Database.
26/07/2022 12:59:28  info: Server is up at Port 8000
26/07/2022 13:00:08  info: Connected to the Database.
26/07/2022 13:00:08  info: Server is up at Port 8000
26/07/2022 13:02:55  info: Connected to the Database.
26/07/2022 13:02:55  info: Server is up at Port 8000
26/07/2022 13:06:46  info: Connected to the Database.
26/07/2022 13:06:46  info: Server is up at Port 8000
26/07/2022 13:12:36  info: Connected to the Database.
26/07/2022 13:12:36  info: Server is up at Port 8000
26/07/2022 13:12:48  info: Connected to the Database.
26/07/2022 13:12:48  info: Server is up at Port 8000
26/07/2022 13:13:52  info: Connected to the Database.
26/07/2022 13:13:52  info: Server is up at Port 8000
26/07/2022 13:17:18  info: Connected to the Database.
26/07/2022 13:17:18  info: Server is up at Port 8000
26/07/2022 13:23:03  info: Connected to the Database.
26/07/2022 13:23:03  info: Server is up at Port 8000
26/07/2022 13:28:54  info: Connected to the Database.
26/07/2022 13:28:54  info: Server is up at Port 8000
26/07/2022 13:29:05  info: Connected to the Database.
26/07/2022 13:29:05  info: Server is up at Port 8000
26/07/2022 13:39:28  info: Connected to the Database.
26/07/2022 13:39:28  info: Server is up at Port 8000
26/07/2022 13:46:00  info: Connected to the Database.
26/07/2022 13:46:00  info: Server is up at Port 8000
26/07/2022 13:59:50  info: Connected to the Database.
26/07/2022 13:59:50  info: Server is up at Port 8000
26/07/2022 14:13:41  info: Connected to the Database.
26/07/2022 14:13:41  info: Server is up at Port 8000
26/07/2022 14:17:12  info: Connected to the Database.
26/07/2022 14:17:12  info: Server is up at Port 8000
26/07/2022 14:18:45  info: Connected to the Database.
26/07/2022 14:18:45  info: Server is up at Port 8000
26/07/2022 14:38:53  info: Connected to the Database.
26/07/2022 14:39:31  info: Connected to the Database.
26/07/2022 14:40:09  info: Connected to the Database.
26/07/2022 14:40:19  info: Connected to the Database.
26/07/2022 14:41:06  info: Connected to the Database.
26/07/2022 14:41:06  info: Server is up at Port 8000
26/07/2022 14:44:33  info: Connected to the Database.
26/07/2022 14:44:33  info: Server is up at Port 8000
26/07/2022 14:45:13  info: Connected to the Database.
26/07/2022 14:45:13  info: Server is up at Port 8000
26/07/2022 14:46:09  info: Connected to the Database.
26/07/2022 14:46:09  info: Server is up at Port 8000
26/07/2022 14:46:15  info: Connected to the Database.
26/07/2022 14:46:15  info: Server is up at Port 8000
26/07/2022 14:46:18  info: Connected to the Database.
26/07/2022 14:46:18  info: Server is up at Port 8000
26/07/2022 14:49:07  info: Connected to the Database.
26/07/2022 14:49:07  info: Server is up at Port 8000
26/07/2022 15:01:17  info: Connected to the Database.
26/07/2022 15:03:14  info: Connected to the Database.
26/07/2022 15:03:14  info: Server is up at Port 8000
26/07/2022 15:04:04  info: Connected to the Database.
26/07/2022 15:04:04  info: Server is up at Port 8000
26/07/2022 15:04:20  info: Connected to the Database.
26/07/2022 15:04:20  info: Server is up at Port 8000
26/07/2022 15:09:12  info: Connected to the Database.
26/07/2022 15:09:12  info: Server is up at Port 8000
26/07/2022 15:13:08  info: Connected to the Database.
26/07/2022 15:13:08  info: Server is up at Port 8000
26/07/2022 15:16:18  info: Connected to the Database.
26/07/2022 15:16:18  info: Server is up at Port 8000
26/07/2022 15:18:04  info: Connected to the Database.
26/07/2022 15:18:04  info: Server is up at Port 8000
26/07/2022 15:24:38  info: Connected to the Database.
26/07/2022 15:24:38  info: Server is up at Port 8000
26/07/2022 15:26:47  info: Connected to the Database.
26/07/2022 15:26:47  info: Server is up at Port 8000
26/07/2022 15:26:55  info: Connected to the Database.
26/07/2022 15:26:55  info: Server is up at Port 8000
26/07/2022 15:36:00  info: Connected to the Database.
26/07/2022 15:36:00  info: Server is up at Port 8000
26/07/2022 15:36:34  info: Connected to the Database.
26/07/2022 15:36:34  info: Server is up at Port 8000
26/07/2022 15:55:55  info: Connected to the Database.
26/07/2022 15:55:55  info: Server is up at Port 8000
26/07/2022 16:16:06  info: Connected to the Database.
26/07/2022 16:16:06  info: Server is up at Port 8000
26/07/2022 16:25:28  info: Connected to the Database.
26/07/2022 16:25:28  info: Server is up at Port 8000
26/07/2022 17:11:57  info: Connected to the Database.
26/07/2022 17:12:48  info: Connected to the Database.
26/07/2022 17:12:48  info: Server is up at Port 8000
26/07/2022 17:14:55  info: Connected to the Database.
26/07/2022 17:14:55  info: Server is up at Port 8000
26/07/2022 17:14:57  info: Connected to the Database.
26/07/2022 17:14:57  info: Server is up at Port 8000
26/07/2022 17:16:27  info: Connected to the Database.
26/07/2022 17:16:27  info: Server is up at Port 8000
26/07/2022 17:17:51  info: Connected to the Database.
26/07/2022 17:17:51  info: Server is up at Port 8000
26/07/2022 17:20:13  info: Connected to the Database.
26/07/2022 17:20:13  info: Server is up at Port 8000
26/07/2022 17:22:11  info: Connected to the Database.
26/07/2022 17:22:11  info: Server is up at Port 8000
26/07/2022 17:24:18  info: Connected to the Database.
26/07/2022 17:24:18  info: Server is up at Port 8000
26/07/2022 17:31:25  info: Connected to the Database.
26/07/2022 17:31:25  info: Server is up at Port 8000
26/07/2022 17:35:03  info: Connected to the Database.
26/07/2022 17:35:03  info: Server is up at Port 8000
26/07/2022 17:36:32  info: Connected to the Database.
26/07/2022 17:36:32  info: Server is up at Port 8000
26/07/2022 17:37:48  info: Connected to the Database.
26/07/2022 17:37:48  info: Server is up at Port 8000
26/07/2022 17:40:34  info: Connected to the Database.
26/07/2022 17:40:34  info: Server is up at Port 8000
26/07/2022 17:41:35  info: Connected to the Database.
26/07/2022 17:41:35  info: Server is up at Port 8000
26/07/2022 17:53:48  info: Connected to the Database.
26/07/2022 17:53:48  info: Server is up at Port 8000
26/07/2022 17:55:53  info: Connected to the Database.
26/07/2022 17:55:53  info: Server is up at Port 8000
26/07/2022 17:57:46  info: Connected to the Database.
26/07/2022 17:57:46  info: Server is up at Port 8000
26/07/2022 17:58:37  info: Connected to the Database.
26/07/2022 17:58:37  info: Server is up at Port 8000
26/07/2022 17:59:37  info: Connected to the Database.
26/07/2022 17:59:37  info: Server is up at Port 8000
26/07/2022 18:00:31  info: Connected to the Database.
26/07/2022 18:00:31  info: Server is up at Port 8000
26/07/2022 18:00:47  info: Connected to the Database.
26/07/2022 18:00:47  info: Server is up at Port 8000
26/07/2022 18:06:08  info: Connected to the Database.
26/07/2022 18:06:08  info: Server is up at Port 8000
26/07/2022 18:06:44  info: Connected to the Database.
26/07/2022 18:06:44  info: Server is up at Port 8000
26/07/2022 18:06:55  info: Connected to the Database.
26/07/2022 18:06:55  info: Server is up at Port 8000
26/07/2022 18:07:51  info: Connected to the Database.
26/07/2022 18:07:51  info: Server is up at Port 8000
26/07/2022 18:08:56  info: Connected to the Database.
26/07/2022 18:08:56  info: Server is up at Port 8000
26/07/2022 18:11:37  info: Connected to the Database.
26/07/2022 18:11:37  info: Server is up at Port 8000
26/07/2022 18:14:24  info: Connected to the Database.
26/07/2022 18:14:24  info: Server is up at Port 8000
26/07/2022 18:18:24  info: Connected to the Database.
26/07/2022 18:18:24  info: Server is up at Port 8000
26/07/2022 18:21:04  info: Connected to the Database.
26/07/2022 18:21:04  info: Server is up at Port 8000
26/07/2022 18:23:05  info: Connected to the Database.
26/07/2022 18:23:05  info: Server is up at Port 8000
26/07/2022 18:31:24  info: Connected to the Database.
26/07/2022 18:32:39  info: Connected to the Database.
26/07/2022 18:34:33  info: Connected to the Database.
26/07/2022 18:35:34  info: Connected to the Database.
26/07/2022 18:37:00  info: Connected to the Database.
26/07/2022 18:37:25  info: Connected to the Database.
26/07/2022 18:37:25  info: Server is up at Port 8000
26/07/2022 18:37:36  info: Connected to the Database.
26/07/2022 18:37:36  info: Server is up at Port 8000
26/07/2022 18:43:52  info: Connected to the Database.
26/07/2022 18:43:52  info: Server is up at Port 8000
26/07/2022 18:47:19  info: Connected to the Database.
26/07/2022 18:47:19  info: Server is up at Port 8000
26/07/2022 18:52:26  info: Connected to the Database.
26/07/2022 18:52:26  info: Server is up at Port 8000
26/07/2022 18:52:30  info: Connected to the Database.
26/07/2022 18:52:30  info: Server is up at Port 8000
26/07/2022 18:53:03  info: Connected to the Database.
26/07/2022 18:53:03  info: Server is up at Port 8000
26/07/2022 18:53:16  info: Connected to the Database.
26/07/2022 18:53:16  info: Server is up at Port 8000
26/07/2022 18:53:52  info: Connected to the Database.
26/07/2022 18:53:52  info: Server is up at Port 8000
26/07/2022 18:54:45  info: Connected to the Database.
26/07/2022 18:54:45  info: Server is up at Port 8000
26/07/2022 18:56:24  info: Connected to the Database.
26/07/2022 18:56:26  info: Connected to the Database.
26/07/2022 18:56:26  info: Server is up at Port 8000
26/07/2022 18:56:59  info: Connected to the Database.
26/07/2022 18:56:59  info: Server is up at Port 8000
26/07/2022 18:57:24  info: Connected to the Database.
26/07/2022 18:57:24  info: Server is up at Port 8000
26/07/2022 19:05:01  info: Connected to the Database.
26/07/2022 19:05:01  info: Server is up at Port 8000
26/07/2022 19:07:25  info: Connected to the Database.
26/07/2022 19:07:25  info: Server is up at Port 8000
26/07/2022 19:08:34  info: Connected to the Database.
26/07/2022 19:08:34  info: Server is up at Port 8000
26/07/2022 19:08:50  info: Connected to the Database.
26/07/2022 19:08:50  info: Server is up at Port 8000
26/07/2022 19:09:44  info: Connected to the Database.
26/07/2022 19:09:44  info: Server is up at Port 8000
26/07/2022 19:12:32  info: Connected to the Database.
26/07/2022 19:12:32  info: Server is up at Port 8000
26/07/2022 19:16:15  info: Connected to the Database.
26/07/2022 19:16:15  info: Server is up at Port 8000
26/07/2022 19:16:31  info: Connected to the Database.
26/07/2022 19:16:31  info: Server is up at Port 8000
26/07/2022 19:17:20  info: Connected to the Database.
26/07/2022 19:17:20  info: Server is up at Port 8000
26/07/2022 19:19:37  info: Connected to the Database.
26/07/2022 19:19:37  info: Server is up at Port 8000
26/07/2022 19:22:11  info: Connected to the Database.
26/07/2022 19:22:12  info: Server is up at Port 8000
26/07/2022 19:22:59  info: Connected to the Database.
26/07/2022 19:22:59  info: Server is up at Port 8000
26/07/2022 19:24:11  info: Connected to the Database.
26/07/2022 19:24:11  info: Server is up at Port 8000
26/07/2022 19:24:23  info: Connected to the Database.
26/07/2022 19:24:23  info: Server is up at Port 8000
26/07/2022 19:24:34  info: Connected to the Database.
26/07/2022 19:24:34  info: Server is up at Port 8000
26/07/2022 19:56:24  info: Connected to the Database.
26/07/2022 19:56:24  info: Server is up at Port 8000
26/07/2022 19:56:37  info: Connected to the Database.
26/07/2022 19:56:37  info: Server is up at Port 8000
26/07/2022 19:57:03  info: Connected to the Database.
26/07/2022 19:57:03  info: Server is up at Port 8000
26/07/2022 20:00:12  info: Connected to the Database.
26/07/2022 20:00:12  info: Server is up at Port 8000
26/07/2022 20:03:20  info: Connected to the Database.
26/07/2022 20:03:20  info: Server is up at Port 8000
26/07/2022 20:03:50  error: {"errno":-4058,"syscall":"unlink","code":"ENOENT","path":"D:\\Almawiz\\MultiChannelServer\\src\\Modules\\EmailChannel\\webhookdata.txt"}
26/07/2022 20:04:55  info: Connected to the Database.
26/07/2022 20:04:55  info: Server is up at Port 8000
26/07/2022 20:05:30  error: {"errno":-4058,"syscall":"unlink","code":"ENOENT","path":"D:\\Almawiz\\MultiChannelServer\\src\\Modules\\EmailChannel\\webhookdata.txt"}
26/07/2022 20:06:32  info: Connected to the Database.
26/07/2022 20:06:32  info: Server is up at Port 8000
26/07/2022 20:07:02  error: {"errno":-4058,"syscall":"unlink","code":"ENOENT","path":"D:\\Almawiz\\MultiChannelServer\\src\\Modules\\EmailChannel\\webhookdata\\data.txt"}
26/07/2022 20:12:39  info: Connected to the Database.
26/07/2022 20:12:39  info: Server is up at Port 8000
26/07/2022 20:14:05  info: Connected to the Database.
26/07/2022 20:14:05  info: Server is up at Port 8000
26/07/2022 20:15:38  info: Connected to the Database.
26/07/2022 20:15:38  info: Server is up at Port 8000
26/07/2022 20:16:19  info: Connected to the Database.
26/07/2022 20:16:19  info: Server is up at Port 8000
26/07/2022 20:16:33  info: Connected to the Database.
26/07/2022 20:16:33  info: Server is up at Port 8000
26/07/2022 20:18:21  info: Connected to the Database.
26/07/2022 20:18:21  info: Server is up at Port 8000
26/07/2022 20:25:20  info: Connected to the Database.
26/07/2022 20:25:20  info: Server is up at Port 8000
26/07/2022 20:26:16  info: Connected to the Database.
26/07/2022 20:26:16  info: Server is up at Port 8000
26/07/2022 20:26:23  info: Connected to the Database.
26/07/2022 20:26:23  info: Server is up at Port 8000
26/07/2022 20:31:00  info: Connected to the Database.
26/07/2022 20:31:00  info: Server is up at Port 8000
26/07/2022 20:31:05  info: Connected to the Database.
26/07/2022 20:31:05  info: Server is up at Port 8000
26/07/2022 20:32:35  info: Connected to the Database.
26/07/2022 20:32:35  info: Server is up at Port 8000
26/07/2022 20:38:09  info: Connected to the Database.
26/07/2022 20:38:09  info: Server is up at Port 8000
26/07/2022 20:44:25  info: Connected to the Database.
26/07/2022 20:44:25  info: Server is up at Port 8000
26/07/2022 21:02:34  info: Connected to the Database.
26/07/2022 21:02:34  info: Server is up at Port 8000
26/07/2022 21:05:54  info: Connected to the Database.
26/07/2022 21:05:54  info: Server is up at Port 8000
26/07/2022 21:11:31  info: Connected to the Database.
26/07/2022 21:11:31  info: Server is up at Port 8000
26/07/2022 21:38:48  info: Connected to the Database.
26/07/2022 21:38:48  info: Server is up at Port 8000
26/07/2022 21:38:55  info: Connected to the Database.
26/07/2022 21:38:55  info: Server is up at Port 8000
26/07/2022 21:39:45  info: Connected to the Database.
26/07/2022 21:39:45  info: Server is up at Port 8000
26/07/2022 21:45:25  info: Connected to the Database.
26/07/2022 21:45:25  info: Server is up at Port 8000
26/07/2022 21:46:06  info: Connected to the Database.
26/07/2022 21:46:06  info: Server is up at Port 8000
26/07/2022 21:48:01  info: Connected to the Database.
26/07/2022 21:48:01  info: Server is up at Port 8000
26/07/2022 22:14:43  info: Connected to the Database.
26/07/2022 22:14:43  info: Server is up at Port 8000
26/07/2022 22:17:02  info: Connected to the Database.
26/07/2022 22:17:02  info: Server is up at Port 8000
26/07/2022 22:20:24  info: Connected to the Database.
26/07/2022 22:20:24  info: Server is up at Port 8000
26/07/2022 22:20:45  info: Connected to the Database.
26/07/2022 22:20:45  info: Server is up at Port 8000
26/07/2022 22:29:46  info: Connected to the Database.
26/07/2022 22:29:46  info: Server is up at Port 8000
26/07/2022 22:30:22  error: {}
26/07/2022 22:30:48  info: Connected to the Database.
26/07/2022 22:30:48  info: Server is up at Port 8000
26/07/2022 22:32:22  info: Connected to the Database.
26/07/2022 22:32:22  info: Server is up at Port 8000
26/07/2022 22:32:54  error: {}
26/07/2022 22:37:36  info: Connected to the Database.
26/07/2022 22:37:36  info: Server is up at Port 8000
26/07/2022 22:42:47  info: Connected to the Database.
26/07/2022 22:42:47  info: Server is up at Port 8000
26/07/2022 22:43:13  info: Connected to the Database.
26/07/2022 22:43:13  info: Server is up at Port 8000
26/07/2022 22:43:35  info: Connected to the Database.
26/07/2022 22:43:35  info: Server is up at Port 8000
26/07/2022 22:44:00  info: Connected to the Database.
26/07/2022 22:44:00  info: Server is up at Port 8000
26/07/2022 22:44:31  error: {}
26/07/2022 22:46:12  info: Connected to the Database.
26/07/2022 22:46:12  info: Server is up at Port 8000
26/07/2022 22:46:24  info: Connected to the Database.
26/07/2022 22:46:24  info: Server is up at Port 8000
26/07/2022 22:47:33  info: Connected to the Database.
26/07/2022 22:47:33  info: Server is up at Port 8000
26/07/2022 22:48:41  info: Connected to the Database.
26/07/2022 22:48:41  info: Server is up at Port 8000
26/07/2022 22:49:56  info: Connected to the Database.
26/07/2022 22:49:56  info: Server is up at Port 8000
26/07/2022 22:50:21  error: {}
26/07/2022 22:50:59  info: Connected to the Database.
26/07/2022 22:50:59  info: Server is up at Port 8000
26/07/2022 22:52:55  info: Connected to the Database.
26/07/2022 22:52:55  info: Server is up at Port 8000
26/07/2022 22:53:05  info: Connected to the Database.
26/07/2022 22:53:05  info: Server is up at Port 8000
26/07/2022 22:54:21  info: Connected to the Database.
26/07/2022 22:54:21  info: Server is up at Port 8000
26/07/2022 22:55:44  info: Connected to the Database.
26/07/2022 22:55:45  info: Server is up at Port 8000
26/07/2022 22:55:56  info: Connected to the Database.
26/07/2022 22:55:56  info: Server is up at Port 8000
26/07/2022 23:00:02  info: Connected to the Database.
26/07/2022 23:00:02  info: Server is up at Port 8000
26/07/2022 23:02:48  info: Connected to the Database.
26/07/2022 23:02:48  info: Server is up at Port 8000
26/07/2022 23:04:14  info: Connected to the Database.
26/07/2022 23:04:14  info: Server is up at Port 8000
26/07/2022 23:06:24  info: Connected to the Database.
26/07/2022 23:06:24  info: Server is up at Port 8000
26/07/2022 23:08:02  info: Connected to the Database.
26/07/2022 23:08:02  info: Server is up at Port 8000
26/07/2022 23:08:14  info: Connected to the Database.
26/07/2022 23:08:14  info: Server is up at Port 8000
26/07/2022 23:15:20  info: Connected to the Database.
26/07/2022 23:15:20  info: Server is up at Port 8000
26/07/2022 23:18:48  info: Connected to the Database.
26/07/2022 23:18:48  info: Server is up at Port 8000
26/07/2022 23:18:51  info: Connected to the Database.
26/07/2022 23:18:51  info: Server is up at Port 8000
26/07/2022 23:24:02  info: Connected to the Database.
26/07/2022 23:24:02  info: Server is up at Port 8000
26/07/2022 23:32:19  info: Connected to the Database.
26/07/2022 23:32:19  info: Server is up at Port 8000
26/07/2022 23:33:36  info: Connected to the Database.
26/07/2022 23:33:36  info: Server is up at Port 8000
26/07/2022 23:34:31  info: Connected to the Database.
26/07/2022 23:34:31  info: Server is up at Port 8000
26/07/2022 23:40:50  info: Connected to the Database.
26/07/2022 23:40:50  info: Server is up at Port 8000
